{"/home/ragnar/projects/github/software_engineering/slap-the-bird-engine/src/classes/AudioSystem/AudioSystem.ts": {"path":"/home/ragnar/projects/github/software_engineering/slap-the-bird-engine/src/classes/AudioSystem/AudioSystem.ts","statementMap":{"0":{"start":{"line":9,"column":19},"end":{"line":9,"column":48}},"1":{"start":{"line":11,"column":18},"end":{"line":11,"column":19}},"2":{"start":{"line":15,"column":4},"end":{"line":15,"column":29}},"3":{"start":{"line":17,"column":4},"end":{"line":20,"column":5}},"4":{"start":{"line":17,"column":17},"end":{"line":17,"column":18}},"5":{"start":{"line":19,"column":6},"end":{"line":19,"column":44}},"6":{"start":{"line":25,"column":4},"end":{"line":25,"column":35}},"7":{"start":{"line":26,"column":4},"end":{"line":26,"column":50}},"8":{"start":{"line":31,"column":4},"end":{"line":35,"column":5}},"9":{"start":{"line":33,"column":6},"end":{"line":33,"column":19}},"10":{"start":{"line":34,"column":6},"end":{"line":34,"column":27}}},"fnMap":{"0":{"name":"(anonymous_0)","decl":{"start":{"line":13,"column":2},"end":{"line":13,"column":3}},"loc":{"start":{"line":14,"column":2},"end":{"line":21,"column":3}},"line":14},"1":{"name":"(anonymous_1)","decl":{"start":{"line":23,"column":2},"end":{"line":23,"column":3}},"loc":{"start":{"line":24,"column":2},"end":{"line":27,"column":3}},"line":24},"2":{"name":"(anonymous_2)","decl":{"start":{"line":29,"column":2},"end":{"line":29,"column":3}},"loc":{"start":{"line":30,"column":2},"end":{"line":36,"column":3}},"line":30}},"branchMap":{"0":{"loc":{"start":{"line":13,"column":32},"end":{"line":13,"column":44}},"type":"default-arg","locations":[{"start":{"line":13,"column":43},"end":{"line":13,"column":44}}],"line":13}},"s":{"0":4,"1":4,"2":4,"3":4,"4":4,"5":16,"6":2,"7":2,"8":3,"9":12,"10":12},"f":{"0":4,"1":2,"2":3},"b":{"0":[4]},"_coverageSchema":"1a1c01bbd47fc00a2c39e90264f33305004495a9","hash":"29a8e183a7e5cd5ff6de645ece567b93b2a65963"}
,"/home/ragnar/projects/github/software_engineering/slap-the-bird-engine/src/classes/Data/Data.js": {"path":"/home/ragnar/projects/github/software_engineering/slap-the-bird-engine/src/classes/Data/Data.js","statementMap":{"0":{"start":{"line":7,"column":12},"end":{"line":7,"column":33}},"1":{"start":{"line":11,"column":32},"end":{"line":11,"column":50}},"2":{"start":{"line":13,"column":2},"end":{"line":51,"column":9}},"3":{"start":{"line":16,"column":6},"end":{"line":45,"column":7}},"4":{"start":{"line":18,"column":8},"end":{"line":21,"column":9}},"5":{"start":{"line":20,"column":10},"end":{"line":20,"column":19}},"6":{"start":{"line":23,"column":21},"end":{"line":23,"column":71}},"7":{"start":{"line":25,"column":8},"end":{"line":44,"column":9}},"8":{"start":{"line":27,"column":10},"end":{"line":30,"column":11}},"9":{"start":{"line":29,"column":12},"end":{"line":29,"column":21}},"10":{"start":{"line":32,"column":23},"end":{"line":32,"column":73}},"11":{"start":{"line":34,"column":10},"end":{"line":43,"column":11}},"12":{"start":{"line":36,"column":30},"end":{"line":40,"column":14}},"13":{"start":{"line":42,"column":12},"end":{"line":42,"column":52}},"14":{"start":{"line":47,"column":6},"end":{"line":47,"column":36}},"15":{"start":{"line":50,"column":4},"end":{"line":50,"column":34}},"16":{"start":{"line":53,"column":2},"end":{"line":57,"column":4}}},"fnMap":{"0":{"name":"Data","decl":{"start":{"line":9,"column":16},"end":{"line":9,"column":20}},"loc":{"start":{"line":10,"column":0},"end":{"line":58,"column":1}},"line":10},"1":{"name":"(anonymous_1)","decl":{"start":{"line":13,"column":18},"end":{"line":13,"column":19}},"loc":{"start":{"line":13,"column":24},"end":{"line":51,"column":3}},"line":13},"2":{"name":"collision","decl":{"start":{"line":14,"column":13},"end":{"line":14,"column":22}},"loc":{"start":{"line":15,"column":4},"end":{"line":48,"column":5}},"line":15}},"branchMap":{"0":{"loc":{"start":{"line":18,"column":8},"end":{"line":21,"column":9}},"type":"if","locations":[{"start":{"line":18,"column":8},"end":{"line":21,"column":9}},{"start":{"line":18,"column":8},"end":{"line":21,"column":9}}],"line":18},"1":{"loc":{"start":{"line":27,"column":10},"end":{"line":30,"column":11}},"type":"if","locations":[{"start":{"line":27,"column":10},"end":{"line":30,"column":11}},{"start":{"line":27,"column":10},"end":{"line":30,"column":11}}],"line":27},"2":{"loc":{"start":{"line":27,"column":14},"end":{"line":27,"column":65}},"type":"binary-expr","locations":[{"start":{"line":27,"column":14},"end":{"line":27,"column":21}},{"start":{"line":27,"column":25},"end":{"line":27,"column":65}}],"line":27},"3":{"loc":{"start":{"line":34,"column":10},"end":{"line":43,"column":11}},"type":"if","locations":[{"start":{"line":34,"column":10},"end":{"line":43,"column":11}},{"start":{"line":34,"column":10},"end":{"line":43,"column":11}}],"line":34}},"s":{"0":4,"1":12,"2":12,"3":4,"4":6,"5":4,"6":2,"7":2,"8":6,"9":2,"10":4,"11":4,"12":2,"13":2,"14":4,"15":5,"16":12},"f":{"0":12,"1":5,"2":4},"b":{"0":[4,2],"1":[2,4],"2":[6,4],"3":[2,2]},"_coverageSchema":"1a1c01bbd47fc00a2c39e90264f33305004495a9","hash":"8cd896e8377fda7cbeea5e29f1273727bec76be6"}
,"/home/ragnar/projects/github/software_engineering/slap-the-bird-engine/src/classes/Engine/Engine.tsx": {"path":"/home/ragnar/projects/github/software_engineering/slap-the-bird-engine/src/classes/Engine/Engine.tsx","statementMap":{"0":{"start":{"line":17,"column":20},"end":{"line":17,"column":44}},"1":{"start":{"line":19,"column":18},"end":{"line":19,"column":43}},"2":{"start":{"line":20,"column":17},"end":{"line":20,"column":27}},"3":{"start":{"line":21,"column":18},"end":{"line":21,"column":35}},"4":{"start":{"line":23,"column":20},"end":{"line":23,"column":33}},"5":{"start":{"line":25,"column":28},"end":{"line":25,"column":40}},"6":{"start":{"line":31,"column":4},"end":{"line":31,"column":27}},"7":{"start":{"line":36,"column":4},"end":{"line":36,"column":30}},"8":{"start":{"line":41,"column":4},"end":{"line":41,"column":33}},"9":{"start":{"line":46,"column":4},"end":{"line":46,"column":19}},"10":{"start":{"line":51,"column":4},"end":{"line":51,"column":41}},"11":{"start":{"line":56,"column":4},"end":{"line":56,"column":29}},"12":{"start":{"line":61,"column":4},"end":{"line":61,"column":56}},"13":{"start":{"line":66,"column":4},"end":{"line":66,"column":39}},"14":{"start":{"line":71,"column":4},"end":{"line":74,"column":5}},"15":{"start":{"line":73,"column":6},"end":{"line":73,"column":39}},"16":{"start":{"line":79,"column":4},"end":{"line":79,"column":37}},"17":{"start":{"line":84,"column":4},"end":{"line":84,"column":22}},"18":{"start":{"line":89,"column":4},"end":{"line":89,"column":21}},"19":{"start":{"line":96,"column":4},"end":{"line":96,"column":24}},"20":{"start":{"line":101,"column":4},"end":{"line":101,"column":43}},"21":{"start":{"line":106,"column":4},"end":{"line":106,"column":15}},"22":{"start":{"line":111,"column":4},"end":{"line":111,"column":59}},"23":{"start":{"line":116,"column":4},"end":{"line":116,"column":24}},"24":{"start":{"line":121,"column":4},"end":{"line":121,"column":21}},"25":{"start":{"line":126,"column":4},"end":{"line":126,"column":29}},"26":{"start":{"line":131,"column":4},"end":{"line":181,"column":6}},"27":{"start":{"line":170,"column":41},"end":{"line":170,"column":89}},"28":{"start":{"line":186,"column":0},"end":{"line":186,"column":8}}},"fnMap":{"0":{"name":"(anonymous_0)","decl":{"start":{"line":27,"column":2},"end":{"line":27,"column":3}},"loc":{"start":{"line":27,"column":24},"end":{"line":27,"column":27}},"line":27},"1":{"name":"(anonymous_1)","decl":{"start":{"line":29,"column":2},"end":{"line":29,"column":3}},"loc":{"start":{"line":30,"column":2},"end":{"line":32,"column":3}},"line":30},"2":{"name":"(anonymous_2)","decl":{"start":{"line":34,"column":2},"end":{"line":34,"column":3}},"loc":{"start":{"line":35,"column":2},"end":{"line":37,"column":3}},"line":35},"3":{"name":"(anonymous_3)","decl":{"start":{"line":39,"column":2},"end":{"line":39,"column":3}},"loc":{"start":{"line":40,"column":2},"end":{"line":42,"column":3}},"line":40},"4":{"name":"(anonymous_4)","decl":{"start":{"line":44,"column":2},"end":{"line":44,"column":3}},"loc":{"start":{"line":45,"column":2},"end":{"line":47,"column":3}},"line":45},"5":{"name":"(anonymous_5)","decl":{"start":{"line":49,"column":2},"end":{"line":49,"column":3}},"loc":{"start":{"line":50,"column":2},"end":{"line":52,"column":3}},"line":50},"6":{"name":"(anonymous_6)","decl":{"start":{"line":54,"column":2},"end":{"line":54,"column":3}},"loc":{"start":{"line":55,"column":2},"end":{"line":57,"column":3}},"line":55},"7":{"name":"(anonymous_7)","decl":{"start":{"line":59,"column":2},"end":{"line":59,"column":3}},"loc":{"start":{"line":60,"column":2},"end":{"line":62,"column":3}},"line":60},"8":{"name":"(anonymous_8)","decl":{"start":{"line":64,"column":2},"end":{"line":64,"column":3}},"loc":{"start":{"line":65,"column":2},"end":{"line":67,"column":3}},"line":65},"9":{"name":"(anonymous_9)","decl":{"start":{"line":69,"column":2},"end":{"line":69,"column":3}},"loc":{"start":{"line":70,"column":2},"end":{"line":75,"column":3}},"line":70},"10":{"name":"(anonymous_10)","decl":{"start":{"line":77,"column":2},"end":{"line":77,"column":3}},"loc":{"start":{"line":78,"column":2},"end":{"line":80,"column":3}},"line":78},"11":{"name":"(anonymous_11)","decl":{"start":{"line":82,"column":2},"end":{"line":82,"column":3}},"loc":{"start":{"line":83,"column":2},"end":{"line":85,"column":3}},"line":83},"12":{"name":"(anonymous_12)","decl":{"start":{"line":87,"column":2},"end":{"line":87,"column":3}},"loc":{"start":{"line":88,"column":2},"end":{"line":90,"column":3}},"line":88},"13":{"name":"(anonymous_13)","decl":{"start":{"line":94,"column":2},"end":{"line":94,"column":3}},"loc":{"start":{"line":95,"column":2},"end":{"line":97,"column":3}},"line":95},"14":{"name":"(anonymous_14)","decl":{"start":{"line":99,"column":2},"end":{"line":99,"column":3}},"loc":{"start":{"line":100,"column":2},"end":{"line":102,"column":3}},"line":100},"15":{"name":"(anonymous_15)","decl":{"start":{"line":104,"column":2},"end":{"line":104,"column":3}},"loc":{"start":{"line":105,"column":2},"end":{"line":107,"column":3}},"line":105},"16":{"name":"(anonymous_16)","decl":{"start":{"line":109,"column":2},"end":{"line":109,"column":3}},"loc":{"start":{"line":110,"column":2},"end":{"line":112,"column":3}},"line":110},"17":{"name":"(anonymous_17)","decl":{"start":{"line":114,"column":2},"end":{"line":114,"column":3}},"loc":{"start":{"line":115,"column":2},"end":{"line":117,"column":3}},"line":115},"18":{"name":"(anonymous_18)","decl":{"start":{"line":119,"column":2},"end":{"line":119,"column":3}},"loc":{"start":{"line":120,"column":2},"end":{"line":122,"column":3}},"line":120},"19":{"name":"(anonymous_19)","decl":{"start":{"line":124,"column":2},"end":{"line":124,"column":3}},"loc":{"start":{"line":125,"column":2},"end":{"line":127,"column":3}},"line":125},"20":{"name":"(anonymous_20)","decl":{"start":{"line":129,"column":2},"end":{"line":129,"column":3}},"loc":{"start":{"line":130,"column":2},"end":{"line":182,"column":3}},"line":130},"21":{"name":"(anonymous_21)","decl":{"start":{"line":170,"column":28},"end":{"line":170,"column":29}},"loc":{"start":{"line":170,"column":41},"end":{"line":170,"column":89}},"line":170}},"branchMap":{"0":{"loc":{"start":{"line":71,"column":4},"end":{"line":74,"column":5}},"type":"if","locations":[{"start":{"line":71,"column":4},"end":{"line":74,"column":5}},{"start":{"line":71,"column":4},"end":{"line":74,"column":5}}],"line":71}},"s":{"0":4,"1":4,"2":4,"3":4,"4":4,"5":4,"6":4,"7":9,"8":1,"9":1,"10":11,"11":1,"12":3,"13":1,"14":2,"15":1,"16":2,"17":20,"18":6,"19":1,"20":1,"21":1,"22":1,"23":1,"24":1,"25":1,"26":4,"27":24,"28":4},"f":{"0":4,"1":4,"2":9,"3":1,"4":1,"5":11,"6":1,"7":3,"8":1,"9":2,"10":2,"11":20,"12":6,"13":1,"14":1,"15":1,"16":1,"17":1,"18":1,"19":1,"20":4,"21":24},"b":{"0":[1,1]},"_coverageSchema":"1a1c01bbd47fc00a2c39e90264f33305004495a9","hash":"7ba9253b72c6f33b03e32f27318a3ddd6aafd512"}
,"/home/ragnar/projects/github/software_engineering/slap-the-bird-engine/src/classes/EventSystem/EventSystem.ts": {"path":"/home/ragnar/projects/github/software_engineering/slap-the-bird-engine/src/classes/EventSystem/EventSystem.ts","statementMap":{"0":{"start":{"line":12,"column":4},"end":{"line":12,"column":41}},"1":{"start":{"line":17,"column":4},"end":{"line":17,"column":49}},"2":{"start":{"line":22,"column":4},"end":{"line":22,"column":52}}},"fnMap":{"0":{"name":"(anonymous_0)","decl":{"start":{"line":10,"column":2},"end":{"line":10,"column":3}},"loc":{"start":{"line":11,"column":2},"end":{"line":13,"column":3}},"line":11},"1":{"name":"(anonymous_1)","decl":{"start":{"line":15,"column":2},"end":{"line":15,"column":3}},"loc":{"start":{"line":16,"column":2},"end":{"line":18,"column":3}},"line":16},"2":{"name":"(anonymous_2)","decl":{"start":{"line":20,"column":2},"end":{"line":20,"column":3}},"loc":{"start":{"line":21,"column":2},"end":{"line":23,"column":3}},"line":21}},"branchMap":{},"s":{"0":6,"1":16,"2":1},"f":{"0":6,"1":16,"2":1},"b":{},"_coverageSchema":"1a1c01bbd47fc00a2c39e90264f33305004495a9","hash":"c3687b59da47242bc46adf7d1d0a8c05641edfe1"}
,"/home/ragnar/projects/github/software_engineering/slap-the-bird-engine/src/classes/Input/Input.js": {"path":"/home/ragnar/projects/github/software_engineering/slap-the-bird-engine/src/classes/Input/Input.js","statementMap":{"0":{"start":{"line":6,"column":20},"end":{"line":6,"column":25}},"1":{"start":{"line":10,"column":4},"end":{"line":10,"column":63}},"2":{"start":{"line":13,"column":2},"end":{"line":13,"column":59}},"3":{"start":{"line":13,"column":48},"end":{"line":13,"column":57}},"4":{"start":{"line":14,"column":2},"end":{"line":23,"column":5}},"5":{"start":{"line":15,"column":4},"end":{"line":18,"column":5}},"6":{"start":{"line":17,"column":6},"end":{"line":17,"column":13}},"7":{"start":{"line":20,"column":4},"end":{"line":20,"column":23}},"8":{"start":{"line":22,"column":4},"end":{"line":22,"column":14}},"9":{"start":{"line":24,"column":2},"end":{"line":31,"column":5}},"10":{"start":{"line":25,"column":4},"end":{"line":28,"column":5}},"11":{"start":{"line":27,"column":6},"end":{"line":27,"column":13}},"12":{"start":{"line":30,"column":4},"end":{"line":30,"column":24}}},"fnMap":{"0":{"name":"Input","decl":{"start":{"line":4,"column":24},"end":{"line":4,"column":29}},"loc":{"start":{"line":5,"column":0},"end":{"line":32,"column":1}},"line":5},"1":{"name":"clicked","decl":{"start":{"line":8,"column":11},"end":{"line":8,"column":18}},"loc":{"start":{"line":9,"column":2},"end":{"line":11,"column":3}},"line":9},"2":{"name":"(anonymous_2)","decl":{"start":{"line":13,"column":42},"end":{"line":13,"column":43}},"loc":{"start":{"line":13,"column":48},"end":{"line":13,"column":57}},"line":13},"3":{"name":"(anonymous_3)","decl":{"start":{"line":14,"column":38},"end":{"line":14,"column":39}},"loc":{"start":{"line":14,"column":49},"end":{"line":23,"column":3}},"line":14},"4":{"name":"(anonymous_4)","decl":{"start":{"line":24,"column":36},"end":{"line":24,"column":37}},"loc":{"start":{"line":24,"column":47},"end":{"line":31,"column":3}},"line":24}},"branchMap":{"0":{"loc":{"start":{"line":15,"column":4},"end":{"line":18,"column":5}},"type":"if","locations":[{"start":{"line":15,"column":4},"end":{"line":18,"column":5}},{"start":{"line":15,"column":4},"end":{"line":18,"column":5}}],"line":15},"1":{"loc":{"start":{"line":15,"column":8},"end":{"line":15,"column":40}},"type":"binary-expr","locations":[{"start":{"line":15,"column":8},"end":{"line":15,"column":25}},{"start":{"line":15,"column":29},"end":{"line":15,"column":40}}],"line":15},"2":{"loc":{"start":{"line":25,"column":4},"end":{"line":28,"column":5}},"type":"if","locations":[{"start":{"line":25,"column":4},"end":{"line":28,"column":5}},{"start":{"line":25,"column":4},"end":{"line":28,"column":5}}],"line":25}},"s":{"0":4,"1":3,"2":4,"3":1,"4":4,"5":5,"6":3,"7":2,"8":2,"9":4,"10":2,"11":1,"12":1},"f":{"0":4,"1":3,"2":1,"3":5,"4":2},"b":{"0":[3,2],"1":[5,4],"2":[1,1]},"_coverageSchema":"1a1c01bbd47fc00a2c39e90264f33305004495a9","hash":"e266c9d80eeb0f9b4a9a0ec0dfc3aae8631c8aa8"}
,"/home/ragnar/projects/github/software_engineering/slap-the-bird-engine/src/classes/Physics/Physics.ts": {"path":"/home/ragnar/projects/github/software_engineering/slap-the-bird-engine/src/classes/Physics/Physics.ts","statementMap":{"0":{"start":{"line":14,"column":4},"end":{"line":14,"column":31}},"1":{"start":{"line":15,"column":4},"end":{"line":15,"column":27}},"2":{"start":{"line":16,"column":4},"end":{"line":16,"column":22}},"3":{"start":{"line":21,"column":4},"end":{"line":25,"column":5}},"4":{"start":{"line":23,"column":6},"end":{"line":23,"column":36}},"5":{"start":{"line":24,"column":6},"end":{"line":24,"column":70}},"6":{"start":{"line":30,"column":4},"end":{"line":34,"column":5}},"7":{"start":{"line":32,"column":6},"end":{"line":32,"column":37}},"8":{"start":{"line":33,"column":6},"end":{"line":33,"column":70}},"9":{"start":{"line":39,"column":4},"end":{"line":39,"column":25}},"10":{"start":{"line":45,"column":4},"end":{"line":51,"column":5}},"11":{"start":{"line":50,"column":6},"end":{"line":50,"column":18}},"12":{"start":{"line":53,"column":4},"end":{"line":53,"column":17}}},"fnMap":{"0":{"name":"(anonymous_0)","decl":{"start":{"line":12,"column":2},"end":{"line":12,"column":3}},"loc":{"start":{"line":13,"column":2},"end":{"line":17,"column":3}},"line":13},"1":{"name":"(anonymous_1)","decl":{"start":{"line":19,"column":2},"end":{"line":19,"column":3}},"loc":{"start":{"line":20,"column":2},"end":{"line":26,"column":3}},"line":20},"2":{"name":"(anonymous_2)","decl":{"start":{"line":28,"column":2},"end":{"line":28,"column":3}},"loc":{"start":{"line":29,"column":2},"end":{"line":35,"column":3}},"line":29},"3":{"name":"(anonymous_3)","decl":{"start":{"line":37,"column":2},"end":{"line":37,"column":3}},"loc":{"start":{"line":38,"column":2},"end":{"line":40,"column":3}},"line":38},"4":{"name":"(anonymous_4)","decl":{"start":{"line":43,"column":2},"end":{"line":43,"column":3}},"loc":{"start":{"line":44,"column":2},"end":{"line":54,"column":3}},"line":44}},"branchMap":{"0":{"loc":{"start":{"line":21,"column":4},"end":{"line":25,"column":5}},"type":"if","locations":[{"start":{"line":21,"column":4},"end":{"line":25,"column":5}},{"start":{"line":21,"column":4},"end":{"line":25,"column":5}}],"line":21},"1":{"loc":{"start":{"line":30,"column":4},"end":{"line":34,"column":5}},"type":"if","locations":[{"start":{"line":30,"column":4},"end":{"line":34,"column":5}},{"start":{"line":30,"column":4},"end":{"line":34,"column":5}}],"line":30},"2":{"loc":{"start":{"line":45,"column":4},"end":{"line":51,"column":5}},"type":"if","locations":[{"start":{"line":45,"column":4},"end":{"line":51,"column":5}},{"start":{"line":45,"column":4},"end":{"line":51,"column":5}}],"line":45},"3":{"loc":{"start":{"line":45,"column":8},"end":{"line":48,"column":26}},"type":"binary-expr","locations":[{"start":{"line":45,"column":8},"end":{"line":45,"column":27}},{"start":{"line":46,"column":6},"end":{"line":46,"column":25}},{"start":{"line":47,"column":6},"end":{"line":47,"column":26}},{"start":{"line":48,"column":6},"end":{"line":48,"column":26}}],"line":45}},"s":{"0":4,"1":4,"2":4,"3":3,"4":2,"5":2,"6":3,"7":2,"8":2,"9":7,"10":14,"11":8,"12":6},"f":{"0":4,"1":3,"2":3,"3":7,"4":14},"b":{"0":[2,1],"1":[2,1],"2":[8,6],"3":[14,11,9,9]},"_coverageSchema":"1a1c01bbd47fc00a2c39e90264f33305004495a9","hash":"0086b7358741868f9b288ac6e25e5bdf940bcc26"}
,"/home/ragnar/projects/github/software_engineering/slap-the-bird-engine/src/classes/Pos/Pos.ts": {"path":"/home/ragnar/projects/github/software_engineering/slap-the-bird-engine/src/classes/Pos/Pos.ts","statementMap":{"0":{"start":{"line":16,"column":4},"end":{"line":16,"column":31}},"1":{"start":{"line":17,"column":4},"end":{"line":17,"column":31}}},"fnMap":{"0":{"name":"(anonymous_0)","decl":{"start":{"line":14,"column":2},"end":{"line":14,"column":3}},"loc":{"start":{"line":15,"column":2},"end":{"line":18,"column":3}},"line":15}},"branchMap":{"0":{"loc":{"start":{"line":16,"column":13},"end":{"line":16,"column":30}},"type":"binary-expr","locations":[{"start":{"line":16,"column":13},"end":{"line":16,"column":16}},{"start":{"line":16,"column":20},"end":{"line":16,"column":25}},{"start":{"line":16,"column":29},"end":{"line":16,"column":30}}],"line":16},"1":{"loc":{"start":{"line":17,"column":13},"end":{"line":17,"column":30}},"type":"binary-expr","locations":[{"start":{"line":17,"column":13},"end":{"line":17,"column":16}},{"start":{"line":17,"column":20},"end":{"line":17,"column":25}},{"start":{"line":17,"column":29},"end":{"line":17,"column":30}}],"line":17}},"s":{"0":5,"1":5},"f":{"0":5},"b":{"0":[5,1,4],"1":[5,1,4]},"_coverageSchema":"1a1c01bbd47fc00a2c39e90264f33305004495a9","hash":"bcd0021c19bee7c75b355fb78cdeb453bbdfc189"}
,"/home/ragnar/projects/github/software_engineering/slap-the-bird-engine/src/classes/Time/Time.ts": {"path":"/home/ragnar/projects/github/software_engineering/slap-the-bird-engine/src/classes/Time/Time.ts","statementMap":{"0":{"start":{"line":11,"column":22},"end":{"line":11,"column":23}},"1":{"start":{"line":15,"column":4},"end":{"line":15,"column":23}},"2":{"start":{"line":20,"column":4},"end":{"line":20,"column":23}},"3":{"start":{"line":25,"column":4},"end":{"line":25,"column":31}},"4":{"start":{"line":30,"column":4},"end":{"line":30,"column":26}}},"fnMap":{"0":{"name":"(anonymous_0)","decl":{"start":{"line":13,"column":2},"end":{"line":13,"column":3}},"loc":{"start":{"line":14,"column":2},"end":{"line":16,"column":3}},"line":14},"1":{"name":"(anonymous_1)","decl":{"start":{"line":18,"column":2},"end":{"line":18,"column":3}},"loc":{"start":{"line":19,"column":2},"end":{"line":21,"column":3}},"line":19},"2":{"name":"(anonymous_2)","decl":{"start":{"line":23,"column":2},"end":{"line":23,"column":3}},"loc":{"start":{"line":24,"column":2},"end":{"line":26,"column":3}},"line":24},"3":{"name":"(anonymous_3)","decl":{"start":{"line":28,"column":2},"end":{"line":28,"column":3}},"loc":{"start":{"line":29,"column":2},"end":{"line":31,"column":3}},"line":29}},"branchMap":{},"s":{"0":5,"1":1,"2":2,"3":3,"4":10},"f":{"0":1,"1":2,"2":3,"3":10},"b":{},"_coverageSchema":"1a1c01bbd47fc00a2c39e90264f33305004495a9","hash":"f81f7c9202ad8d18a13ce784214063f88226c72b"}
}
