TN:
SF:src/classes/AudioSystem/AudioSystem.ts
FN:13,(anonymous_0)
FN:23,(anonymous_1)
FN:29,(anonymous_2)
FNF:3
FNH:3
FNDA:4,(anonymous_0)
FNDA:2,(anonymous_1)
FNDA:3,(anonymous_2)
DA:9,4
DA:11,4
DA:15,4
DA:17,4
DA:19,16
DA:25,2
DA:26,2
DA:31,3
DA:33,12
DA:34,12
LF:10
LH:10
BRDA:13,0,0,4
BRF:1
BRH:1
end_of_record
TN:
SF:src/classes/Data/Data.js
FN:9,Data
FN:13,(anonymous_1)
FN:14,collision
FNF:3
FNH:3
FNDA:14,Data
FNDA:6,(anonymous_1)
FNDA:6,collision
DA:7,4
DA:11,14
DA:13,14
DA:16,6
DA:18,12
DA:20,8
DA:23,4
DA:25,4
DA:27,12
DA:29,4
DA:32,8
DA:34,8
DA:36,4
DA:42,4
DA:47,6
DA:50,6
DA:53,14
LF:17
LH:17
BRDA:18,0,0,8
BRDA:18,0,1,4
BRDA:27,1,0,4
BRDA:27,1,1,8
BRDA:27,2,0,12
BRDA:27,2,1,8
BRDA:34,3,0,4
BRDA:34,3,1,4
BRF:8
BRH:8
end_of_record
TN:
SF:src/classes/Engine/Engine.tsx
FN:27,(anonymous_0)
FN:29,(anonymous_1)
FN:34,(anonymous_2)
FN:39,(anonymous_3)
FN:44,(anonymous_4)
FN:49,(anonymous_5)
FN:54,(anonymous_6)
FN:59,(anonymous_7)
FN:64,(anonymous_8)
FN:69,(anonymous_9)
FN:77,(anonymous_10)
FN:82,(anonymous_11)
FN:87,(anonymous_12)
FN:94,(anonymous_13)
FN:99,(anonymous_14)
FN:104,(anonymous_15)
FN:109,(anonymous_16)
FN:114,(anonymous_17)
FN:119,(anonymous_18)
FN:124,(anonymous_19)
FN:129,(anonymous_20)
FN:170,(anonymous_21)
FNF:22
FNH:22
FNDA:4,(anonymous_0)
FNDA:4,(anonymous_1)
FNDA:9,(anonymous_2)
FNDA:1,(anonymous_3)
FNDA:1,(anonymous_4)
FNDA:14,(anonymous_5)
FNDA:1,(anonymous_6)
FNDA:3,(anonymous_7)
FNDA:1,(anonymous_8)
FNDA:2,(anonymous_9)
FNDA:2,(anonymous_10)
FNDA:23,(anonymous_11)
FNDA:6,(anonymous_12)
FNDA:1,(anonymous_13)
FNDA:1,(anonymous_14)
FNDA:1,(anonymous_15)
FNDA:1,(anonymous_16)
FNDA:1,(anonymous_17)
FNDA:1,(anonymous_18)
FNDA:1,(anonymous_19)
FNDA:4,(anonymous_20)
FNDA:24,(anonymous_21)
DA:17,4
DA:19,4
DA:20,4
DA:21,4
DA:23,4
DA:25,4
DA:31,4
DA:36,9
DA:41,1
DA:46,1
DA:51,14
DA:56,1
DA:61,3
DA:66,1
DA:71,2
DA:73,1
DA:79,2
DA:84,23
DA:89,6
DA:96,1
DA:101,1
DA:106,1
DA:111,1
DA:116,1
DA:121,1
DA:126,1
DA:131,4
DA:170,24
DA:186,4
LF:29
LH:29
BRDA:71,0,0,1
BRDA:71,0,1,1
BRF:2
BRH:2
end_of_record
TN:
SF:src/classes/EventSystem/EventSystem.ts
FN:10,(anonymous_0)
FN:15,(anonymous_1)
FN:20,(anonymous_2)
FNF:3
FNH:3
FNDA:8,(anonymous_0)
FNDA:17,(anonymous_1)
FNDA:1,(anonymous_2)
DA:12,8
DA:17,17
DA:22,1
LF:3
LH:3
BRF:0
BRH:0
end_of_record
TN:
SF:src/classes/Input/Input.js
FN:4,Input
FN:8,clicked
FN:13,(anonymous_2)
FN:14,(anonymous_3)
FN:24,(anonymous_4)
FNF:5
FNH:5
FNDA:4,Input
FNDA:3,clicked
FNDA:1,(anonymous_2)
FNDA:5,(anonymous_3)
FNDA:2,(anonymous_4)
DA:6,4
DA:10,3
DA:13,4
DA:14,4
DA:15,5
DA:17,3
DA:20,2
DA:22,2
DA:24,4
DA:25,2
DA:27,1
DA:30,1
LF:12
LH:12
BRDA:15,0,0,3
BRDA:15,0,1,2
BRDA:15,1,0,5
BRDA:15,1,1,4
BRDA:25,2,0,1
BRDA:25,2,1,1
BRF:6
BRH:6
end_of_record
TN:
SF:src/classes/Physics/Physics.ts
FN:12,(anonymous_0)
FN:19,(anonymous_1)
FN:28,(anonymous_2)
FN:37,(anonymous_3)
FN:43,(anonymous_4)
FNF:5
FNH:5
FNDA:4,(anonymous_0)
FNDA:3,(anonymous_1)
FNDA:3,(anonymous_2)
FNDA:7,(anonymous_3)
FNDA:18,(anonymous_4)
DA:14,4
DA:15,4
DA:16,4
DA:21,3
DA:23,2
DA:24,2
DA:30,3
DA:32,2
DA:33,2
DA:39,7
DA:45,18
DA:50,10
DA:53,8
LF:13
LH:13
BRDA:21,0,0,2
BRDA:21,0,1,1
BRDA:30,1,0,2
BRDA:30,1,1,1
BRDA:45,2,0,10
BRDA:45,2,1,8
BRDA:45,3,0,18
BRDA:45,3,1,13
BRDA:45,3,2,11
BRDA:45,3,3,11
BRF:10
BRH:10
end_of_record
TN:
SF:src/classes/Pos/Pos.ts
FN:14,(anonymous_0)
FNF:1
FNH:1
FNDA:5,(anonymous_0)
DA:16,5
DA:17,5
LF:2
LH:2
BRDA:16,0,0,5
BRDA:16,0,1,1
BRDA:16,0,2,4
BRDA:17,1,0,5
BRDA:17,1,1,1
BRDA:17,1,2,4
BRF:6
BRH:6
end_of_record
TN:
SF:src/classes/Time/Time.ts
FN:13,(anonymous_0)
FN:18,(anonymous_1)
FN:23,(anonymous_2)
FN:28,(anonymous_3)
FNF:4
FNH:4
FNDA:1,(anonymous_0)
FNDA:2,(anonymous_1)
FNDA:3,(anonymous_2)
FNDA:10,(anonymous_3)
DA:11,5
DA:15,1
DA:20,2
DA:25,3
DA:30,10
LF:5
LH:5
BRF:0
BRH:0
end_of_record
